<?xml version="1.0" encoding="UTF-8"?>
<testng-results ignored="0" total="5" passed="5" failed="0" skipped="0">
  <reporter-output>
  </reporter-output>
  <suite started-at="2023-08-28T15:28:30 BST" name="Cucumber Framework" finished-at="2023-08-28T15:28:34 BST" duration-ms="3476">
    <groups>
      <group name="cucumber">
        <method signature="AbstractTestNGCucumberTests.runScenario(io.cucumber.testng.PickleWrapper,io.cucumber.testng.FeatureWrapper)[pri:0, instance:runners.MainRunner@6a78afa0]" name="runScenario" class="io.cucumber.testng.AbstractTestNGCucumberTests"/>
      </group> <!-- cucumber -->
    </groups>
    <test started-at="2023-08-28T15:28:30 BST" name="Cucumber Tests" finished-at="2023-08-28T15:28:34 BST" duration-ms="3476">
      <class name="runners.MainRunner">
        <test-method is-config="true" signature="setUpClass(org.testng.ITestContext)[pri:0, instance:runners.MainRunner@6a78afa0]" started-at="2023-08-28T15:28:30 BST" name="setUpClass" finished-at="2023-08-28T15:28:31 BST" duration-ms="346" status="PASS">
          <params>
            <param index="0">
              <value>
                <![CDATA[org.testng.TestRunner@770d3326]]>
              </value>
            </param>
          </params>
          <reporter-output>
          </reporter-output>
        </test-method> <!-- setUpClass -->
        <test-method signature="runScenario(io.cucumber.testng.PickleWrapper,io.cucumber.testng.FeatureWrapper)[pri:0, instance:runners.MainRunner@6a78afa0]" started-at="2023-08-28T15:28:31 BST" name="runScenario" description="Runs Cucumber Scenarios" data-provider="scenarios" finished-at="2023-08-28T15:28:34 BST" duration-ms="3068" status="PASS">
          <params>
            <param index="0">
              <value>
                <![CDATA["Validate Successful Login"]]>
              </value>
            </param>
            <param index="1">
              <value>
                <![CDATA["WebDriver University - Login Page"]]>
              </value>
            </param>
          </params>
          <reporter-output>
          </reporter-output>
        </test-method> <!-- runScenario -->
        <test-method signature="runScenario(io.cucumber.testng.PickleWrapper,io.cucumber.testng.FeatureWrapper)[pri:0, instance:runners.MainRunner@6a78afa0]" started-at="2023-08-28T15:28:31 BST" name="runScenario" description="Runs Cucumber Scenarios" data-provider="scenarios" finished-at="2023-08-28T15:28:34 BST" duration-ms="3068" status="PASS">
          <params>
            <param index="0">
              <value>
                <![CDATA["Validate Unsuccessful Login"]]>
              </value>
            </param>
            <param index="1">
              <value>
                <![CDATA["WebDriver University - Login Page"]]>
              </value>
            </param>
          </params>
          <reporter-output>
          </reporter-output>
        </test-method> <!-- runScenario -->
        <test-method signature="runScenario(io.cucumber.testng.PickleWrapper,io.cucumber.testng.FeatureWrapper)[pri:0, instance:runners.MainRunner@6a78afa0]" started-at="2023-08-28T15:28:31 BST" name="runScenario" description="Runs Cucumber Scenarios" data-provider="scenarios" finished-at="2023-08-28T15:28:34 BST" duration-ms="3018" status="PASS">
          <params>
            <param index="0">
              <value>
                <![CDATA["Validate - Successful & Unsuccessful Login"]]>
              </value>
            </param>
            <param index="1">
              <value>
                <![CDATA["WebDriver University - Login Page"]]>
              </value>
            </param>
          </params>
          <reporter-output>
          </reporter-output>
        </test-method> <!-- runScenario -->
        <test-method signature="runScenario(io.cucumber.testng.PickleWrapper,io.cucumber.testng.FeatureWrapper)[pri:0, instance:runners.MainRunner@6a78afa0]" started-at="2023-08-28T15:28:31 BST" name="runScenario" description="Runs Cucumber Scenarios" data-provider="scenarios" finished-at="2023-08-28T15:28:34 BST" duration-ms="3067" status="PASS">
          <params>
            <param index="0">
              <value>
                <![CDATA["Validate - Successful & Unsuccessful Login"]]>
              </value>
            </param>
            <param index="1">
              <value>
                <![CDATA["WebDriver University - Login Page"]]>
              </value>
            </param>
          </params>
          <reporter-output>
          </reporter-output>
        </test-method> <!-- runScenario -->
        <test-method signature="runScenario(io.cucumber.testng.PickleWrapper,io.cucumber.testng.FeatureWrapper)[pri:0, instance:runners.MainRunner@6a78afa0]" started-at="2023-08-28T15:28:31 BST" name="runScenario" description="Runs Cucumber Scenarios" data-provider="scenarios" finished-at="2023-08-28T15:28:34 BST" duration-ms="3008" status="PASS">
          <params>
            <param index="0">
              <value>
                <![CDATA["Validate - Successful & Unsuccessful Login"]]>
              </value>
            </param>
            <param index="1">
              <value>
                <![CDATA["WebDriver University - Login Page"]]>
              </value>
            </param>
          </params>
          <reporter-output>
          </reporter-output>
        </test-method> <!-- runScenario -->
        <test-method is-config="true" signature="tearDownClass()[pri:0, instance:runners.MainRunner@6a78afa0]" started-at="2023-08-28T15:28:34 BST" name="tearDownClass" finished-at="2023-08-28T15:28:34 BST" duration-ms="41" status="PASS">
          <reporter-output>
          </reporter-output>
        </test-method> <!-- tearDownClass -->
      </class> <!-- runners.MainRunner -->
    </test> <!-- Cucumber Tests -->
  </suite> <!-- Cucumber Framework -->
</testng-results>
