<?xml version="1.0" encoding="UTF-8"?>
<testng-results ignored="0" total="2" passed="2" failed="0" skipped="0">
  <reporter-output>
  </reporter-output>
  <suite started-at="2023-08-29T19:01:00 BST" name="Cucumber Framework" finished-at="2023-08-29T19:01:10 BST" duration-ms="9565">
    <groups>
      <group name="cucumber">
        <method signature="AbstractTestNGCucumberTests.runScenario(io.cucumber.testng.PickleWrapper,io.cucumber.testng.FeatureWrapper)[pri:0, instance:runners.MainRunner@6a78afa0]" name="runScenario" class="io.cucumber.testng.AbstractTestNGCucumberTests"/>
      </group> <!-- cucumber -->
    </groups>
    <test started-at="2023-08-29T19:01:00 BST" name="Cucumber Tests" finished-at="2023-08-29T19:01:10 BST" duration-ms="9565">
      <class name="runners.MainRunner">
        <test-method is-config="true" signature="setUpClass(org.testng.ITestContext)[pri:0, instance:runners.MainRunner@6a78afa0]" started-at="2023-08-29T19:01:00 BST" name="setUpClass" finished-at="2023-08-29T19:01:01 BST" duration-ms="385" status="PASS">
          <params>
            <param index="0">
              <value>
                <![CDATA[org.testng.TestRunner@1f97cf0d]]>
              </value>
            </param>
          </params>
          <reporter-output>
          </reporter-output>
        </test-method> <!-- setUpClass -->
        <test-method signature="runScenario(io.cucumber.testng.PickleWrapper,io.cucumber.testng.FeatureWrapper)[pri:0, instance:runners.MainRunner@6a78afa0]" started-at="2023-08-29T19:01:01 BST" name="runScenario" description="Runs Cucumber Scenarios" data-provider="scenarios" finished-at="2023-08-29T19:01:06 BST" duration-ms="5091" status="PASS">
          <params>
            <param index="0">
              <value>
                <![CDATA["Validate Successful Submission - Unique Data"]]>
              </value>
            </param>
            <param index="1">
              <value>
                <![CDATA["WebDriver University - Contact Us Page"]]>
              </value>
            </param>
          </params>
          <reporter-output>
          </reporter-output>
        </test-method> <!-- runScenario -->
        <test-method signature="runScenario(io.cucumber.testng.PickleWrapper,io.cucumber.testng.FeatureWrapper)[pri:0, instance:runners.MainRunner@6a78afa0]" started-at="2023-08-29T19:01:06 BST" name="runScenario" description="Runs Cucumber Scenarios" data-provider="scenarios" finished-at="2023-08-29T19:01:10 BST" duration-ms="3886" status="PASS">
          <params>
            <param index="0">
              <value>
                <![CDATA["Validate Successful Submission - Specific Data"]]>
              </value>
            </param>
            <param index="1">
              <value>
                <![CDATA["WebDriver University - Contact Us Page"]]>
              </value>
            </param>
          </params>
          <reporter-output>
          </reporter-output>
        </test-method> <!-- runScenario -->
        <test-method is-config="true" signature="tearDownClass()[pri:0, instance:runners.MainRunner@6a78afa0]" started-at="2023-08-29T19:01:10 BST" name="tearDownClass" finished-at="2023-08-29T19:01:10 BST" duration-ms="182" status="PASS">
          <reporter-output>
          </reporter-output>
        </test-method> <!-- tearDownClass -->
      </class> <!-- runners.MainRunner -->
    </test> <!-- Cucumber Tests -->
  </suite> <!-- Cucumber Framework -->
</testng-results>
