<?xml version="1.0" encoding="UTF-8"?>
<testsuite xmlns:xsi="http://www.w3.org/2001/XMLSchema-instance" xsi:noNamespaceSchemaLocation="https://maven.apache.org/surefire/maven-surefire-plugin/xsd/surefire-test-report-3.0.xsd" version="3.0" name="TestSuite" time="10.047" tests="2" errors="0" skipped="0" failures="0">
  <properties>
[...]
</properties>
  <testcase name="runScenario[&quot;Validate Successful Submission - Unique Data&quot;, &quot;WebDriver University - Contact Us Page&quot;](1)" classname="runners.MainRunner" time="5.091">
    <system-out><![CDATA[
@contact-us
Scenario: Validate Successful Submission - Unique Data                       # src/test/java/resources/features/contactus.feature:8
browserTypeRemoteValue: firefox
  Given I access the webdriver university contact us page                    # stepDefinitions.ContactUsSteps.i_access_the_webdriver_university_contact_us_page()
  When I enter a unique first name                                           # stepDefinitions.ContactUsSteps.i_enter_a_unique_first_name()
  And I enter a unique last name                                             # stepDefinitions.ContactUsSteps.i_enter_a_unique_last_name()
  And I enter a unique email address                                         # stepDefinitions.ContactUsSteps.i_enter_a_unique_email_address()
  And I enter a unique comment                                               # stepDefinitions.ContactUsSteps.i_enter_a_unique_comment()
Successfully clicked on the WebElement: <Proxy element for: DefaultElementLocator 'By.xpath: //input[@value='SUBMIT']'>
  And I click on the submit button                                           # stepDefinitions.ContactUsSteps.i_click_on_the_submit_button()
  Then I should be presented with a successful contact us submission message # stepDefinitions.ContactUsSteps.i_should_be_presented_with_a_successful_contact_us_submission_message()
]]></system-out>
  </testcase>
  <testcase name="runScenario[&quot;Validate Successful Submission - Specific Data&quot;, &quot;WebDriver University - Contact Us Page&quot;](2)" classname="runners.MainRunner" time="3.886">
    <system-out><![CDATA[
@contact-us
Scenario: Validate Successful Submission - Specific Data                     # src/test/java/resources/features/contactus.feature:17
browserTypeRemoteValue: firefox
  Given I access the webdriver university contact us page                    # stepDefinitions.ContactUsSteps.i_access_the_webdriver_university_contact_us_page()
  When I enter a specific first name sarah                                   # stepDefinitions.ContactUsSteps.i_enter_a_specific_first_name(java.lang.String)
  And I enter a specific last name woods                                     # stepDefinitions.ContactUsSteps.i_enter_a_specific_last_name(java.lang.String)
  And I enter a specific email address sarah_woods123@mail.com               # stepDefinitions.ContactUsSteps.i_enter_a_specific_email_address(java.lang.String)
  And I enter a specific comment "How are you today?"                        # stepDefinitions.ContactUsSteps.i_enter_a_specific_comment(java.lang.String)
Successfully clicked on the WebElement: <Proxy element for: DefaultElementLocator 'By.xpath: //input[@value='SUBMIT']'>
  And I click on the submit button                                           # stepDefinitions.ContactUsSteps.i_click_on_the_submit_button()
  Then I should be presented with a successful contact us submission message # stepDefinitions.ContactUsSteps.i_should_be_presented_with_a_successful_contact_us_submission_message()
]]></system-out>
  </testcase>
</testsuite>