<?xml version="1.0" encoding="UTF-8"?>
<testsuite xmlns:xsi="http://www.w3.org/2001/XMLSchema-instance" xsi:noNamespaceSchemaLocation="https://maven.apache.org/surefire/maven-surefire-plugin/xsd/surefire-test-report-3.0.xsd" version="3.0" name="TestSuite" time="3.809" tests="5" errors="0" skipped="0" failures="0">
  <properties>
[...]
</properties>
  <testcase name="runScenario[&quot;Validate - Successful &amp; Unsuccessful Login&quot;, &quot;WebDriver University - Login Page&quot;](1)" classname="runners.MainRunner" time="3.009">
    <system-out><![CDATA[
@login
Scenario Outline: Validate - Successful & Unsuccessful Login                               # src/test/java/resources/features/login.feature:30

@login
Scenario Outline: Validate - Successful & Unsuccessful Login                               # src/test/java/resources/features/login.feature:29

@login
Scenario: Validate Unsuccessful Login                            # src/test/java/resources/features/login.feature:14

@login
Scenario: Validate Successful Login                            # src/test/java/resources/features/login.feature:8

@login
Scenario Outline: Validate - Successful & Unsuccessful Login                                  # src/test/java/resources/features/login.feature:28
  Given I access the webdriver university login page                                       # stepDefinitions.Login_Steps.i_access_the_webdriver_university_login_page()
  Given I access the webdriver university login page                                       # stepDefinitions.Login_Steps.i_access_the_webdriver_university_login_page()
  Given I access the webdriver university login page             # stepDefinitions.Login_Steps.i_access_the_webdriver_university_login_page()
  Given I access the webdriver university login page           # stepDefinitions.Login_Steps.i_access_the_webdriver_university_login_page()
  Given I access the webdriver university login page                                          # stepDefinitions.Login_Steps.i_access_the_webdriver_university_login_page()
  When I enter a username joe_blogs                                                        # stepDefinitions.Login_Steps.i_enter_a_username(java.lang.String)
  When I enter a username webdriver                              # stepDefinitions.Login_Steps.i_enter_a_username(java.lang.String)
  When I enter a username webdriver                                                        # stepDefinitions.Login_Steps.i_enter_a_username(java.lang.String)
  When I enter a username webdriver                                                           # stepDefinitions.Login_Steps.i_enter_a_username(java.lang.String)
  When I enter a username webdriver                            # stepDefinitions.Login_Steps.i_enter_a_username(java.lang.String)
  And I enter a password password1                                                         # stepDefinitions.Login_Steps.i_enter_a_password(java.lang.String)
  And I enter a password webdriver1                                                        # stepDefinitions.Login_Steps.i_enter_a_password(java.lang.String)
  And I enter a password password123                             # stepDefinitions.Login_Steps.i_enter_a_password(java.lang.String)
  And I enter a password webdriver123                                                         # stepDefinitions.Login_Steps.i_enter_a_password(java.lang.String)
  And I enter a password webdriver123                          # stepDefinitions.Login_Steps.i_enter_a_password(java.lang.String)
  And I click on the login button                                                          # stepDefinitions.Login_Steps.i_click_on_the_login_button()
  And I click on the login button                                                          # stepDefinitions.Login_Steps.i_click_on_the_login_button()
  And I click on the login button                                # stepDefinitions.Login_Steps.i_click_on_the_login_button()
  Then I should be presented with the following login validation message validation failed # stepDefinitions.Login_Steps.i_should_be_presented_with_the_following_login_validation_message(java.lang.String)
  Then I should be presented with the following login validation message validation failed # stepDefinitions.Login_Steps.i_should_be_presented_with_the_following_login_validation_message(java.lang.String)
  Then I should be presented with the unsuccessful login message # stepDefinitions.Login_Steps.i_should_be_presented_with_the_unsuccessful_login_message()
  And I click on the login button                                                             # stepDefinitions.Login_Steps.i_click_on_the_login_button()
  Then I should be presented with the following login validation message validation succeeded # stepDefinitions.Login_Steps.i_should_be_presented_with_the_following_login_validation_message(java.lang.String)
  And I click on the login button                              # stepDefinitions.Login_Steps.i_click_on_the_login_button()
  Then I should be presented with the successful login message # stepDefinitions.Login_Steps.i_should_be_presented_with_the_successful_login_message()
]]></system-out>
    <system-err><![CDATA[Aug 28, 2023 3:28:32 PM org.openqa.selenium.devtools.CdpVersionFinder findNearestMatch
WARNING: Unable to find an exact match for CDP version 116, so returning the closest version found: 115
Aug 28, 2023 3:28:32 PM org.openqa.selenium.devtools.CdpVersionFinder findNearestMatch
WARNING: Unable to find an exact match for CDP version 116, so returning the closest version found: 115
Aug 28, 2023 3:28:32 PM org.openqa.selenium.devtools.CdpVersionFinder findNearestMatch
WARNING: Unable to find an exact match for CDP version 116, so returning the closest version found: 115
Aug 28, 2023 3:28:32 PM org.openqa.selenium.devtools.CdpVersionFinder findNearestMatch
WARNING: Unable to find an exact match for CDP version 116, so returning the closest version found: 115
Aug 28, 2023 3:28:32 PM org.openqa.selenium.devtools.CdpVersionFinder findNearestMatch
WARNING: Unable to find an exact match for CDP version 116, so returning the closest version found: 115
[AsyncHttpClient-1-10] WARN org.asynchttpclient.netty.handler.WebSocketHandler - onError
java.net.SocketException: Connection reset
	at java.base/sun.nio.ch.SocketChannelImpl.throwConnectionReset(SocketChannelImpl.java:401)
	at java.base/sun.nio.ch.SocketChannelImpl.read(SocketChannelImpl.java:434)
	at io.netty.buffer.PooledByteBuf.setBytes(PooledByteBuf.java:256)
	at io.netty.buffer.AbstractByteBuf.writeBytes(AbstractByteBuf.java:1132)
	at io.netty.channel.socket.nio.NioSocketChannel.doReadBytes(NioSocketChannel.java:357)
	at io.netty.channel.nio.AbstractNioByteChannel$NioByteUnsafe.read(AbstractNioByteChannel.java:151)
	at io.netty.channel.nio.NioEventLoop.processSelectedKey(NioEventLoop.java:788)
	at io.netty.channel.nio.NioEventLoop.processSelectedKeysOptimized(NioEventLoop.java:724)
	at io.netty.channel.nio.NioEventLoop.processSelectedKeys(NioEventLoop.java:650)
	at io.netty.channel.nio.NioEventLoop.run(NioEventLoop.java:562)
	at io.netty.util.concurrent.SingleThreadEventExecutor$4.run(SingleThreadEventExecutor.java:997)
	at io.netty.util.internal.ThreadExecutorMap$2.run(ThreadExecutorMap.java:74)
	at io.netty.util.concurrent.FastThreadLocalRunnable.run(FastThreadLocalRunnable.java:30)
	at java.base/java.lang.Thread.run(Thread.java:1623)
Aug 28, 2023 3:28:34 PM org.openqa.selenium.remote.http.WebSocket$Listener onError
WARNING: Connection reset
java.net.SocketException: Connection reset
	at java.base/sun.nio.ch.SocketChannelImpl.throwConnectionReset(SocketChannelImpl.java:401)
	at java.base/sun.nio.ch.SocketChannelImpl.read(SocketChannelImpl.java:434)
	at io.netty.buffer.PooledByteBuf.setBytes(PooledByteBuf.java:256)
	at io.netty.buffer.AbstractByteBuf.writeBytes(AbstractByteBuf.java:1132)
	at io.netty.channel.socket.nio.NioSocketChannel.doReadBytes(NioSocketChannel.java:357)
	at io.netty.channel.nio.AbstractNioByteChannel$NioByteUnsafe.read(AbstractNioByteChannel.java:151)
	at io.netty.channel.nio.NioEventLoop.processSelectedKey(NioEventLoop.java:788)
	at io.netty.channel.nio.NioEventLoop.processSelectedKeysOptimized(NioEventLoop.java:724)
	at io.netty.channel.nio.NioEventLoop.processSelectedKeys(NioEventLoop.java:650)
	at io.netty.channel.nio.NioEventLoop.run(NioEventLoop.java:562)
	at io.netty.util.concurrent.SingleThreadEventExecutor$4.run(SingleThreadEventExecutor.java:997)
	at io.netty.util.internal.ThreadExecutorMap$2.run(ThreadExecutorMap.java:74)
	at io.netty.util.concurrent.FastThreadLocalRunnable.run(FastThreadLocalRunnable.java:30)
	at java.base/java.lang.Thread.run(Thread.java:1623)

[AsyncHttpClient-1-14] WARN org.asynchttpclient.netty.handler.WebSocketHandler - onError
java.net.SocketException: Connection reset
	at java.base/sun.nio.ch.SocketChannelImpl.throwConnectionReset(SocketChannelImpl.java:401)
	at java.base/sun.nio.ch.SocketChannelImpl.read(SocketChannelImpl.java:434)
	at io.netty.buffer.PooledByteBuf.setBytes(PooledByteBuf.java:256)
	at io.netty.buffer.AbstractByteBuf.writeBytes(AbstractByteBuf.java:1132)
	at io.netty.channel.socket.nio.NioSocketChannel.doReadBytes(NioSocketChannel.java:357)
	at io.netty.channel.nio.AbstractNioByteChannel$NioByteUnsafe.read(AbstractNioByteChannel.java:151)
	at io.netty.channel.nio.NioEventLoop.processSelectedKey(NioEventLoop.java:788)
	at io.netty.channel.nio.NioEventLoop.processSelectedKeysOptimized(NioEventLoop.java:724)
	at io.netty.channel.nio.NioEventLoop.processSelectedKeys(NioEventLoop.java:650)
	at io.netty.channel.nio.NioEventLoop.run(NioEventLoop.java:562)
	at io.netty.util.concurrent.SingleThreadEventExecutor$4.run(SingleThreadEventExecutor.java:997)
	at io.netty.util.internal.ThreadExecutorMap$2.run(ThreadExecutorMap.java:74)
	at io.netty.util.concurrent.FastThreadLocalRunnable.run(FastThreadLocalRunnable.java:30)
	at java.base/java.lang.Thread.run(Thread.java:1623)
Aug 28, 2023 3:28:34 PM org.openqa.selenium.remote.http.WebSocket$Listener onError
WARNING: Connection reset
java.net.SocketException: Connection reset
	at java.base/sun.nio.ch.SocketChannelImpl.throwConnectionReset(SocketChannelImpl.java:401)
	at java.base/sun.nio.ch.SocketChannelImpl.read(SocketChannelImpl.java:434)
	at io.netty.buffer.PooledByteBuf.setBytes(PooledByteBuf.java:256)
	at io.netty.buffer.AbstractByteBuf.writeBytes(AbstractByteBuf.java:1132)
	at io.netty.channel.socket.nio.NioSocketChannel.doReadBytes(NioSocketChannel.java:357)
	at io.netty.channel.nio.AbstractNioByteChannel$NioByteUnsafe.read(AbstractNioByteChannel.java:151)
	at io.netty.channel.nio.NioEventLoop.processSelectedKey(NioEventLoop.java:788)
	at io.netty.channel.nio.NioEventLoop.processSelectedKeysOptimized(NioEventLoop.java:724)
	at io.netty.channel.nio.NioEventLoop.processSelectedKeys(NioEventLoop.java:650)
	at io.netty.channel.nio.NioEventLoop.run(NioEventLoop.java:562)
	at io.netty.util.concurrent.SingleThreadEventExecutor$4.run(SingleThreadEventExecutor.java:997)
	at io.netty.util.internal.ThreadExecutorMap$2.run(ThreadExecutorMap.java:74)
	at io.netty.util.concurrent.FastThreadLocalRunnable.run(FastThreadLocalRunnable.java:30)
	at java.base/java.lang.Thread.run(Thread.java:1623)

[AsyncHttpClient-1-11] WARN org.asynchttpclient.netty.handler.WebSocketHandler - onError
java.net.SocketException: Connection reset
	at java.base/sun.nio.ch.SocketChannelImpl.throwConnectionReset(SocketChannelImpl.java:401)
	at java.base/sun.nio.ch.SocketChannelImpl.read(SocketChannelImpl.java:434)
	at io.netty.buffer.PooledByteBuf.setBytes(PooledByteBuf.java:256)
	at io.netty.buffer.AbstractByteBuf.writeBytes(AbstractByteBuf.java:1132)
	at io.netty.channel.socket.nio.NioSocketChannel.doReadBytes(NioSocketChannel.java:357)
	at io.netty.channel.nio.AbstractNioByteChannel$NioByteUnsafe.read(AbstractNioByteChannel.java:151)
	at io.netty.channel.nio.NioEventLoop.processSelectedKey(NioEventLoop.java:788)
	at io.netty.channel.nio.NioEventLoop.processSelectedKeysOptimized(NioEventLoop.java:724)
	at io.netty.channel.nio.NioEventLoop.processSelectedKeys(NioEventLoop.java:650)
	at io.netty.channel.nio.NioEventLoop.run(NioEventLoop.java:562)
	at io.netty.util.concurrent.SingleThreadEventExecutor$4.run(SingleThreadEventExecutor.java:997)
	at io.netty.util.internal.ThreadExecutorMap$2.run(ThreadExecutorMap.java:74)
	at io.netty.util.concurrent.FastThreadLocalRunnable.run(FastThreadLocalRunnable.java:30)
	at java.base/java.lang.Thread.run(Thread.java:1623)
Aug 28, 2023 3:28:34 PM org.openqa.selenium.remote.http.WebSocket$Listener onError
WARNING: Connection reset
java.net.SocketException: Connection reset
	at java.base/sun.nio.ch.SocketChannelImpl.throwConnectionReset(SocketChannelImpl.java:401)
	at java.base/sun.nio.ch.SocketChannelImpl.read(SocketChannelImpl.java:434)
	at io.netty.buffer.PooledByteBuf.setBytes(PooledByteBuf.java:256)
	at io.netty.buffer.AbstractByteBuf.writeBytes(AbstractByteBuf.java:1132)
	at io.netty.channel.socket.nio.NioSocketChannel.doReadBytes(NioSocketChannel.java:357)
	at io.netty.channel.nio.AbstractNioByteChannel$NioByteUnsafe.read(AbstractNioByteChannel.java:151)
	at io.netty.channel.nio.NioEventLoop.processSelectedKey(NioEventLoop.java:788)
	at io.netty.channel.nio.NioEventLoop.processSelectedKeysOptimized(NioEventLoop.java:724)
	at io.netty.channel.nio.NioEventLoop.processSelectedKeys(NioEventLoop.java:650)
	at io.netty.channel.nio.NioEventLoop.run(NioEventLoop.java:562)
	at io.netty.util.concurrent.SingleThreadEventExecutor$4.run(SingleThreadEventExecutor.java:997)
	at io.netty.util.internal.ThreadExecutorMap$2.run(ThreadExecutorMap.java:74)
	at io.netty.util.concurrent.FastThreadLocalRunnable.run(FastThreadLocalRunnable.java:30)
	at java.base/java.lang.Thread.run(Thread.java:1623)

]]></system-err>
  </testcase>
  <testcase name="runScenario[&quot;Validate - Successful &amp; Unsuccessful Login&quot;, &quot;WebDriver University - Login Page&quot;](2)" classname="runners.MainRunner" time="3.018"/>
  <testcase name="runScenario[&quot;Validate Successful Login&quot;, &quot;WebDriver University - Login Page&quot;](5)" classname="runners.MainRunner" time="3.066"/>
  <testcase name="runScenario[&quot;Validate Unsuccessful Login&quot;, &quot;WebDriver University - Login Page&quot;](5)" classname="runners.MainRunner" time="3.066"/>
  <testcase name="runScenario[&quot;Validate - Successful &amp; Unsuccessful Login&quot;, &quot;WebDriver University - Login Page&quot;](5)" classname="runners.MainRunner" time="3.066"/>
</testsuite>